<?xml version="1.0" encoding="UTF-8"?>
<testng-results ignored="0" total="1" passed="1" failed="0" skipped="0">
  <reporter-output>
  </reporter-output>
  <suite started-at="2022-11-29T14:38:53 GMT" name="hybridframework" finished-at="2022-11-29T14:39:48 GMT" duration-ms="55440">
    <groups>
    </groups>
    <test started-at="2022-11-29T14:38:53 GMT" name="hybridframework Test" finished-at="2022-11-29T14:39:48 GMT" duration-ms="55440">
      <class name="com.hybridframework.testCases.TC_Login_001">
        <test-method is-config="true" signature="setup(java.lang.String)[pri:0, instance:com.hybridframework.testCases.TC_Login_001@619713e5]" started-at="2022-11-29T14:38:54 GMT" name="setup" finished-at="2022-11-29T14:39:10 GMT" duration-ms="15907" status="PASS">
          <params>
            <param index="0">
              <value>
                <![CDATA[chrome]]>
              </value>
            </param>
          </params>
          <reporter-output>
          </reporter-output>
        </test-method> <!-- setup -->
        <test-method signature="logintest()[pri:0, instance:com.hybridframework.testCases.TC_Login_001@619713e5]" started-at="2022-11-29T14:39:10 GMT" name="logintest" finished-at="2022-11-29T14:39:48 GMT" duration-ms="38260" status="PASS">
          <reporter-output>
          </reporter-output>
        </test-method> <!-- logintest -->
      </class> <!-- com.hybridframework.testCases.TC_Login_001 -->
    </test> <!-- hybridframework Test -->
  </suite> <!-- hybridframework -->
</testng-results>
